This is e-upTeX, Version 3.14159265-p3.7.1-u1.22-161114-2.6 (utf8.uptex) (TeX Live 2017) (preloaded format=uplatex 2018.2.5)  27 FEB 2018 12:52
entering extended mode
 restricted \write18 enabled.
 file:line:error style messages enabled.
 %&-line parsing enabled.
**front.tex
(./front.tex
pLaTeX2e <2017/10/28u01>+4 (based on LaTeX2e <2017-04-15>)
Babel <3.17> and hyphenation patterns for 22 language(s) loaded.
./front.tex:5: Undefined control sequence.
l.5 \maketitle
              
The control sequence at the end of the top line
of your error message was never \def'ed. If you have
misspelled it (e.g., `\hobx'), type `I' and the correct
spelling (e.g., `I\hbox'). Otherwise just continue,
and I'll forget about whatever was undefined.

)
! Emergency stop.
<*> front.tex
             
*** (job aborted, no legal \end found)

 
Here is how much of TeX's memory you used:
 4 strings out of 494857
 34 string characters out of 6175297
 51207 words of memory out of 5000000
 3626 multiletter control sequences out of 15000+600000
 5975 words of font info for 31 fonts, out of 8000000 for 9000
 107 hyphenation exceptions out of 8191
 5i,0n,3p,78b,8s stack positions out of 5000i,500n,10000p,200000b,80000s
No pages of output.
