This is e-upTeX, Version 3.14159265-p3.7.1-u1.22-161114-2.6 (utf8.uptex) (TeX Live 2017) (preloaded format=uplatex 2018.2.5)  27 FEB 2018 12:50
entering extended mode
 restricted \write18 enabled.
 file:line:error style messages enabled.
 %&-line parsing enabled.
**introduction.tex
(./introduction.tex
pLaTeX2e <2017/10/28u01>+4 (based on LaTeX2e <2017-04-15>)
Babel <3.17> and hyphenation patterns for 22 language(s) loaded.
./introduction.tex:2: Undefined control sequence.
l.2 \section
            {本レポートについて}
The control sequence at the end of the top line
of your error message was never \def'ed. If you have
misspelled it (e.g., `\hobx'), type `I' and the correct
spelling (e.g., `I\hbox'). Otherwise just continue,
and I'll forget about whatever was undefined.


./introduction.tex:2: LaTeX Error: Missing \begin{document}.

See the LaTeX manual or LaTeX Companion for explanation.
Type  H <return>  for immediate help.
 ...                                              
                                                  
l.2 \section{本
                レポートについて}
You're in trouble here.  Try typing  <return>  to proceed.
If that doesn't work, type  X <return>  to quit.


Overfull \hbox (20.0pt too wide) in paragraph at lines 2--4
[]
 []


Overfull \hbox (9.6222pt too wide) in paragraph at lines 2--4
\JY2/mc/m/n/10 本
 []


Overfull \hbox (9.6222pt too wide) in paragraph at lines 2--4
\JY2/mc/m/n/10 レ
 []


Overfull \hbox (18.74438pt too wide) in paragraph at lines 2--4
\JY2/mc/m/n/10 ポ ー
 []


Overfull \hbox (9.6222pt too wide) in paragraph at lines 2--4
\JY2/mc/m/n/10 ト
 []


Overfull \hbox (9.6222pt too wide) in paragraph at lines 2--4
\JY2/mc/m/n/10 に
 []


Overfull \hbox (9.6222pt too wide) in paragraph at lines 2--4
\JY2/mc/m/n/10 つ
 []


Overfull \hbox (9.6222pt too wide) in paragraph at lines 2--4
\JY2/mc/m/n/10 い
 []


Overfull \hbox (9.6222pt too wide) in paragraph at lines 2--4
\JY2/mc/m/n/10 て
 []


Overfull \hbox (9.6222pt too wide) in paragraph at lines 2--4
\JY2/mc/m/n/10 本
 []


Overfull \hbox (9.6222pt too wide) in paragraph at lines 2--4
\JY2/mc/m/n/10 授
 []


Overfull \hbox (9.6222pt too wide) in paragraph at lines 2--4
\JY2/mc/m/n/10 業
 []


Overfull \hbox (9.6222pt too wide) in paragraph at lines 2--4
\JY2/mc/m/n/10 で
 []


Overfull \hbox (9.6222pt too wide) in paragraph at lines 2--4
\JY2/mc/m/n/10 作
 []


Overfull \hbox (9.6222pt too wide) in paragraph at lines 2--4
\JY2/mc/m/n/10 製
 []


Overfull \hbox (9.6222pt too wide) in paragraph at lines 2--4
\JY2/mc/m/n/10 し
 []


Overfull \hbox (9.6222pt too wide) in paragraph at lines 2--4
\JY2/mc/m/n/10 た
 []


Overfull \hbox (9.6222pt too wide) in paragraph at lines 2--4
\JY2/mc/m/n/10 ロ
 []


Overfull \hbox (9.6222pt too wide) in paragraph at lines 2--4
\JY2/mc/m/n/10 ボ
 []


Overfull \hbox (9.6222pt too wide) in paragraph at lines 2--4
\JY2/mc/m/n/10 ッ
 []


Overfull \hbox (9.6222pt too wide) in paragraph at lines 2--4
\JY2/mc/m/n/10 ト
 []


Overfull \hbox (9.6222pt too wide) in paragraph at lines 2--4
\JY2/mc/m/n/10 プ
 []


Overfull \hbox (9.6222pt too wide) in paragraph at lines 2--4
\JY2/mc/m/n/10 ロ
 []


Overfull \hbox (9.6222pt too wide) in paragraph at lines 2--4
\JY2/mc/m/n/10 グ
 []


Overfull \hbox (9.6222pt too wide) in paragraph at lines 2--4
\JY2/mc/m/n/10 ラ
 []


Overfull \hbox (9.6222pt too wide) in paragraph at lines 2--4
\JY2/mc/m/n/10 ム
 []


Overfull \hbox (9.6222pt too wide) in paragraph at lines 2--4
\JY2/mc/m/n/10 を
 []


Overfull \hbox (9.6222pt too wide) in paragraph at lines 2--4
\JY2/mc/m/n/10 以
 []


Overfull \hbox (9.6222pt too wide) in paragraph at lines 2--4
\JY2/mc/m/n/10 下
 []


Overfull \hbox (9.6222pt too wide) in paragraph at lines 2--4
\JY2/mc/m/n/10 に
 []


Overfull \hbox (9.6222pt too wide) in paragraph at lines 2--4
\JY2/mc/m/n/10 示
 []


Overfull \hbox (13.93329pt too wide) in paragraph at lines 2--4
\JY2/mc/m/n/10 す ． 
 []

./introduction.tex:5: Undefined control sequence.
l.5 {\bf
         改良点}
The control sequence at the end of the top line
of your error message was never \def'ed. If you have
misspelled it (e.g., `\hobx'), type `I' and the correct
spelling (e.g., `I\hbox'). Otherwise just continue,
and I'll forget about whatever was undefined.


./introduction.tex:5: LaTeX Error: Missing \begin{document}.

See the LaTeX manual or LaTeX Companion for explanation.
Type  H <return>  for immediate help.
 ...                                              
                                                  
l.5 {\bf 改
            良点}
You're in trouble here.  Try typing  <return>  to proceed.
If that doesn't work, type  X <return>  to quit.


Overfull \hbox (20.0pt too wide) in paragraph at lines 5--6
[]
 []


Overfull \hbox (9.6222pt too wide) in paragraph at lines 5--6
\JY2/mc/m/n/10 改
 []


Overfull \hbox (9.6222pt too wide) in paragraph at lines 5--6
\JY2/mc/m/n/10 良
 []


Overfull \hbox (9.6222pt too wide) in paragraph at lines 5--6
\JY2/mc/m/n/10 点 
 []


./introduction.tex:7: LaTeX Error: Missing \begin{document}.

See the LaTeX manual or LaTeX Companion for explanation.
Type  H <return>  for immediate help.
 ...                                              
                                                  
l.7 ・
       GUIの実装
You're in trouble here.  Try typing  <return>  to proceed.
If that doesn't work, type  X <return>  to quit.


Overfull \hbox (24.8111pt too wide) in paragraph at lines 7--8
[] \JY2/mc/m/n/10 ・
 []


Overfull \hbox (18.95836pt too wide) in paragraph at lines 7--8
\OT1/cmr/m/n/10 GUI
 []


Overfull \hbox (9.6222pt too wide) in paragraph at lines 7--8
\JY2/mc/m/n/10 の
 []


Overfull \hbox (9.6222pt too wide) in paragraph at lines 7--8
\JY2/mc/m/n/10 実
 []


Overfull \hbox (9.6222pt too wide) in paragraph at lines 7--8
\JY2/mc/m/n/10 装 
 []


./introduction.tex:9: LaTeX Error: Missing \begin{document}.

See the LaTeX manual or LaTeX Companion for explanation.
Type  H <return>  for immediate help.
 ...                                              
                                                  
l.9 ・
       login, logoutコマンドの実装
You're in trouble here.  Try typing  <return>  to proceed.
If that doesn't work, type  X <return>  to quit.


Overfull \hbox (24.8111pt too wide) in paragraph at lines 9--10
[] \JY2/mc/m/n/10 ・
 []


Overfull \hbox (11.11113pt too wide) in paragraph at lines 9--10
\OT1/cmr/m/n/10 lo-
 []


Overfull \hbox (16.11116pt too wide) in paragraph at lines 9--10
\OT1/cmr/m/n/10 gin,
 []


Overfull \hbox (11.11113pt too wide) in paragraph at lines 9--10
\OT1/cmr/m/n/10 lo-
 []


Overfull \hbox (19.4445pt too wide) in paragraph at lines 9--10
\OT1/cmr/m/n/10 gout
 []


Overfull \hbox (9.6222pt too wide) in paragraph at lines 9--10
\JY2/mc/m/n/10 コ
 []


Overfull \hbox (9.6222pt too wide) in paragraph at lines 9--10
\JY2/mc/m/n/10 マ
 []


Overfull \hbox (9.6222pt too wide) in paragraph at lines 9--10
\JY2/mc/m/n/10 ン
 []


Overfull \hbox (9.6222pt too wide) in paragraph at lines 9--10
\JY2/mc/m/n/10 ド
 []


Overfull \hbox (9.6222pt too wide) in paragraph at lines 9--10
\JY2/mc/m/n/10 の
 []


Overfull \hbox (9.6222pt too wide) in paragraph at lines 9--10
\JY2/mc/m/n/10 実
 []


Overfull \hbox (9.6222pt too wide) in paragraph at lines 9--10
\JY2/mc/m/n/10 装 
 []


./introduction.tex:11: LaTeX Error: Missing \begin{document}.

See the LaTeX manual or LaTeX Companion for explanation.
Type  H <return>  for immediate help.
 ...                                              
                                                  
l.11 ・
        燃料座標の読取り，移動
You're in trouble here.  Try typing  <return>  to proceed.
If that doesn't work, type  X <return>  to quit.

)
! Emergency stop.
<*> introduction.tex
                    
*** (job aborted, no legal \end found)

 
Here is how much of TeX's memory you used:
 4 strings out of 494857
 62 string characters out of 6175297
 52540 words of memory out of 5000000
 3626 multiletter control sequences out of 15000+600000
 5975 words of font info for 31 fonts, out of 8000000 for 9000
 107 hyphenation exceptions out of 8191
 5i,0n,4p,91b,16s stack positions out of 5000i,500n,10000p,200000b,80000s
No pages of output.
